Using pre-set license
Built from '2021.3/release' branch; Version is '2021.3.17f1 (3e8111cac19d) revision 4096273'; Using compiler version '192829333'; Build Type 'Release'
OS: 'Windows 11  (10.0.22621) 64bit Core' Language: 'ko' Physical Memory: 16085 MB
BatchMode: 1, IsHumanControllingUs: 0, StartBugReporterOnCrash: 0, Is64bit: 1, IsPro: 1

COMMAND LINE ARGUMENTS:
D:\Unity\Editor\2021.3.17f1\Editor\Unity.exe
-adb2
-batchMode
-noUpm
-name
AssetImportWorker0
-projectPath
D:/Unity/Projects/knight-run
-logFile
Logs/AssetImportWorker0.log
-srvPort
62054
Successfully changed project path to: D:/Unity/Projects/knight-run
D:/Unity/Projects/knight-run
[UnityMemory] Configuration Parameters - Can be set up in boot.config
    "memorysetup-bucket-allocator-granularity=16"
    "memorysetup-bucket-allocator-bucket-count=8"
    "memorysetup-bucket-allocator-block-size=33554432"
    "memorysetup-bucket-allocator-block-count=8"
    "memorysetup-main-allocator-block-size=16777216"
    "memorysetup-thread-allocator-block-size=16777216"
    "memorysetup-gfx-main-allocator-block-size=16777216"
    "memorysetup-gfx-thread-allocator-block-size=16777216"
    "memorysetup-cache-allocator-block-size=4194304"
    "memorysetup-typetree-allocator-block-size=2097152"
    "memorysetup-profiler-bucket-allocator-granularity=16"
    "memorysetup-profiler-bucket-allocator-bucket-count=8"
    "memorysetup-profiler-bucket-allocator-block-size=33554432"
    "memorysetup-profiler-bucket-allocator-block-count=8"
    "memorysetup-profiler-allocator-block-size=16777216"
    "memorysetup-profiler-editor-allocator-block-size=1048576"
    "memorysetup-temp-allocator-size-main=16777216"
    "memorysetup-job-temp-allocator-block-size=2097152"
    "memorysetup-job-temp-allocator-block-size-background=1048576"
    "memorysetup-job-temp-allocator-reduction-small-platforms=262144"
    "memorysetup-temp-allocator-size-background-worker=32768"
    "memorysetup-temp-allocator-size-job-worker=262144"
    "memorysetup-temp-allocator-size-preload-manager=33554432"
    "memorysetup-temp-allocator-size-nav-mesh-worker=65536"
    "memorysetup-temp-allocator-size-audio-worker=65536"
    "memorysetup-temp-allocator-size-cloud-worker=32768"
    "memorysetup-temp-allocator-size-gi-baking-worker=262144"
    "memorysetup-temp-allocator-size-gfx=262144"
Player connection [37760] Host "[IP] 100.100.100.77 [Port] 0 [Flags] 2 [Guid] 3623167458 [EditorId] 3623167458 [Version] 1048832 [Id] WindowsEditor(7,S41AL) [Debug] 1 [PackageName] WindowsEditor [ProjectName] Editor" joined multi-casting on [225.0.0.222:54997]...

Player connection [37760] Host "[IP] 100.100.100.77 [Port] 0 [Flags] 2 [Guid] 3623167458 [EditorId] 3623167458 [Version] 1048832 [Id] WindowsEditor(7,S41AL) [Debug] 1 [PackageName] WindowsEditor [ProjectName] Editor" joined alternative multi-casting on [225.0.0.222:34997]...

Refreshing native plugins compatible for Editor in 79.90 ms, found 4 plugins.
Preloading 0 native plugins for Editor in 0.00 ms.
Initialize engine version: 2021.3.17f1 (3e8111cac19d)
[Subsystems] Discovering subsystems at path D:/Unity/Editor/2021.3.17f1/Editor/Data/Resources/UnitySubsystems
[Subsystems] Discovering subsystems at path D:/Unity/Projects/knight-run/Assets
GfxDevice: creating device client; threaded=0; jobified=0
Direct3D:
    Version:  Direct3D 11.0 [level 11.1]
    Renderer: NVIDIA GeForce RTX 3060 Laptop GPU (ID=0x2520)
    Vendor:   NVIDIA
    VRAM:     6009 MB
    Driver:   31.0.15.3640
Initialize mono
Mono path[0] = 'D:/Unity/Editor/2021.3.17f1/Editor/Data/Managed'
Mono path[1] = 'D:/Unity/Editor/2021.3.17f1/Editor/Data/MonoBleedingEdge/lib/mono/unityjit-win32'
Mono config path = 'D:/Unity/Editor/2021.3.17f1/Editor/Data/MonoBleedingEdge/etc'
Using monoOptions --debugger-agent=transport=dt_socket,embedding=1,server=y,suspend=n,address=127.0.0.1:56044
Begin MonoManager ReloadAssembly
Registering precompiled unity dll's ...
Register platform support module: D:/Unity/Editor/2021.3.17f1/Editor/Data/PlaybackEngines/AndroidPlayer/UnityEditor.Android.Extensions.dll
Register platform support module: D:/Unity/Editor/2021.3.17f1/Editor/Data/PlaybackEngines/WindowsStandaloneSupport/UnityEditor.WindowsStandalone.Extensions.dll
Registered in 0.002918 seconds.
Native extension for WindowsStandalone target not found
Native extension for Android target not found
Android Extension - Scanning For ADB Devices 277 ms
Refreshing native plugins compatible for Editor in 95.66 ms, found 4 plugins.
Preloading 0 native plugins for Editor in 0.00 ms.
Mono: successfully reloaded assembly
- Completed reload, in  0.844 seconds
Domain Reload Profiling:
	ReloadAssembly (844ms)
		BeginReloadAssembly (70ms)
			ExecutionOrderSort (0ms)
			DisableScriptedObjects (0ms)
			BackupInstance (0ms)
			ReleaseScriptingObjects (0ms)
			CreateAndSetChildDomain (1ms)
		EndReloadAssembly (687ms)
			LoadAssemblies (71ms)
			RebuildTransferFunctionScriptingTraits (0ms)
			SetupTypeCache (87ms)
			ReleaseScriptCaches (0ms)
			RebuildScriptCaches (21ms)
			SetupLoadedEditorAssemblies (540ms)
				LogAssemblyErrors (0ms)
				InitializePlatformSupportModulesInManaged (326ms)
				SetLoadedEditorAssemblies (0ms)
				RefreshPlugins (96ms)
				BeforeProcessingInitializeOnLoad (1ms)
				ProcessInitializeOnLoadAttributes (75ms)
				ProcessInitializeOnLoadMethodAttributes (42ms)
				AfterProcessingInitializeOnLoad (0ms)
				EditorAssembliesLoaded (0ms)
			ExecutionOrderSort2 (0ms)
			AwakeInstancesAfterBackupRestoration (0ms)
Platform modules already initialized, skipping
Registering precompiled user dll's ...
Registered in 0.007194 seconds.
Begin MonoManager ReloadAssembly
Symbol file LoadedFromMemory doesn't match image D:\Unity\Projects\knight-run\Library\PackageCache\com.unity.visualscripting@1.8.0\Editor\VisualScripting.Core\Dependencies\YamlDotNet\Unity.VisualScripting.YamlDotNet.dll
Symbol file LoadedFromMemory doesn't match image D:\Unity\Projects\knight-run\Library\PackageCache\com.unity.visualscripting@1.8.0\Editor\VisualScripting.Core\Dependencies\DotNetZip\Unity.VisualScripting.IonicZip.dll
Native extension for WindowsStandalone target not found
Native extension for Android target not found
Refreshing native plugins compatible for Editor in 111.45 ms, found 4 plugins.
Preloading 0 native plugins for Editor in 0.00 ms.
Mono: successfully reloaded assembly
- Completed reload, in  1.073 seconds
Domain Reload Profiling:
	ReloadAssembly (1074ms)
		BeginReloadAssembly (110ms)
			ExecutionOrderSort (0ms)
			DisableScriptedObjects (5ms)
			BackupInstance (0ms)
			ReleaseScriptingObjects (0ms)
			CreateAndSetChildDomain (17ms)
		EndReloadAssembly (857ms)
			LoadAssemblies (101ms)
			RebuildTransferFunctionScriptingTraits (0ms)
			SetupTypeCache (210ms)
			ReleaseScriptCaches (1ms)
			RebuildScriptCaches (65ms)
			SetupLoadedEditorAssemblies (443ms)
				LogAssemblyErrors (0ms)
				InitializePlatformSupportModulesInManaged (15ms)
				SetLoadedEditorAssemblies (0ms)
				RefreshPlugins (112ms)
				BeforeProcessingInitializeOnLoad (81ms)
				ProcessInitializeOnLoadAttributes (199ms)
				ProcessInitializeOnLoadMethodAttributes (33ms)
				AfterProcessingInitializeOnLoad (2ms)
				EditorAssembliesLoaded (0ms)
			ExecutionOrderSort2 (0ms)
			AwakeInstancesAfterBackupRestoration (10ms)
Platform modules already initialized, skipping
========================================================================
Worker process is ready to serve import requests
Launched and connected shader compiler UnityShaderCompiler.exe after 0.05 seconds
Refreshing native plugins compatible for Editor in 0.70 ms, found 4 plugins.
Preloading 0 native plugins for Editor in 0.00 ms.
Unloading 4097 Unused Serialized files (Serialized files now loaded: 0)
Unloading 40 unused Assets / (56.3 KB). Loaded Objects now: 4562.
Memory consumption went from 153.9 MB to 153.8 MB.
Total: 3.039600 ms (FindLiveObjects: 0.652000 ms CreateObjectMapping: 0.137300 ms MarkObjects: 2.183000 ms  DeleteObjects: 0.066500 ms)

AssetImportParameters requested are different than current active one (requested -> active):
  custom:video-decoder-ogg-theora: a1e56fd34408186e4bbccfd4996cb3dc -> 
  custom:container-muxer-webm: aa71ff27fc2769a1b78a27578f13a17b -> 
  custom:container-demuxer-webm: 4f35f7cbe854078d1ac9338744f61a02 -> 
  custom:video-encoder-webm-vp8: eb34c28f22e8b96e1ab97ce403110664 -> 
  custom:video-codec-MediaFoundation-h265: 746d11721c4dcdbdad8f713fa42b33f4 -> 
  custom:audio-encoder-webm-vorbis: bf7c407c2cedff20999df2af8eb42d56 -> 
  custom:framework-win-MediaFoundation: 216162199b28c13a410421893ffa2e32 -> 
  custom:container-demuxer-ogg: 62fdf1f143b41e24485cea50d1cbac27 -> 
  custom:video-decoder-webm-vp8: 9c59270c3fd7afecdb556c50c9e8de78 -> 
  custom:audio-decoder-ogg-vorbis: bf7c407c2cedff20999df2af8eb42d56 -> 
========================================================================
Received Import Request.
  Time since last request: 173734.865409 seconds.
  path: Assets/Pixel Sprite Effects pack/18 Pixel Sprite effects/Prefabs
  artifactKey: Guid(f977ad0c0cbb13c469c6e38a92f82cbc) Importer(815301076,1909f56bfc062723c751e8b465ee728b)
Start importing Assets/Pixel Sprite Effects pack/18 Pixel Sprite effects/Prefabs using Guid(f977ad0c0cbb13c469c6e38a92f82cbc) Importer(815301076,1909f56bfc062723c751e8b465ee728b)  -> (artifact id: '6aa4a48d900f6ee68aa500d0fb8f354b') in 0.012261 seconds 
========================================================================
Received Import Request.
  Time since last request: 12.482037 seconds.
  path: Assets/Pixel Sprite Effects pack/Pixel electricity VFX pack/Prefabs
  artifactKey: Guid(86966bb508c536a438dd4abd20fc727f) Importer(815301076,1909f56bfc062723c751e8b465ee728b)
Start importing Assets/Pixel Sprite Effects pack/Pixel electricity VFX pack/Prefabs using Guid(86966bb508c536a438dd4abd20fc727f) Importer(815301076,1909f56bfc062723c751e8b465ee728b)  -> (artifact id: '074093b61ca94963e4b6f3608e7880af') in 0.001873 seconds 
========================================================================
Received Import Request.
  Time since last request: 0.042418 seconds.
  path: Assets/Pixel Sprite Effects pack/Pixel electricity VFX pack/Prefabs/Electricity_ef_01.prefab
  artifactKey: Guid(7bf2894d2c50ba543957a2c0b30c5ef9) Importer(815301076,1909f56bfc062723c751e8b465ee728b)
Start importing Assets/Pixel Sprite Effects pack/Pixel electricity VFX pack/Prefabs/Electricity_ef_01.prefab using Guid(7bf2894d2c50ba543957a2c0b30c5ef9) Importer(815301076,1909f56bfc062723c751e8b465ee728b)  -> (artifact id: '245ac7028381ea57c8ea7c5a47d2b6f5') in 0.123425 seconds 
========================================================================
Received Import Request.
  Time since last request: 0.000023 seconds.
  path: Assets/Pixel Sprite Effects pack/Pixel electricity VFX pack/Prefabs/Electricity_ef_03.prefab
  artifactKey: Guid(1c6ff0ef9992e0c4ea19225e1356a694) Importer(815301076,1909f56bfc062723c751e8b465ee728b)
Start importing Assets/Pixel Sprite Effects pack/Pixel electricity VFX pack/Prefabs/Electricity_ef_03.prefab using Guid(1c6ff0ef9992e0c4ea19225e1356a694) Importer(815301076,1909f56bfc062723c751e8b465ee728b)  -> (artifact id: '6db2410e155c3ae9d889dd62df71ac48') in 0.014164 seconds 
========================================================================
Received Import Request.
  Time since last request: 0.000033 seconds.
  path: Assets/Pixel Sprite Effects pack/Pixel electricity VFX pack/Prefabs/Electricity_ef_14.prefab
  artifactKey: Guid(229b29b2157fe4a43a505c55fba0da8b) Importer(815301076,1909f56bfc062723c751e8b465ee728b)
Start importing Assets/Pixel Sprite Effects pack/Pixel electricity VFX pack/Prefabs/Electricity_ef_14.prefab using Guid(229b29b2157fe4a43a505c55fba0da8b) Importer(815301076,1909f56bfc062723c751e8b465ee728b)  -> (artifact id: '45308ac6f5094876684ca97f532f0119') in 0.013741 seconds 
========================================================================
Received Import Request.
  Time since last request: 0.000023 seconds.
  path: Assets/Pixel Sprite Effects pack/Pixel electricity VFX pack/Prefabs/Electricity_ef_13.prefab
  artifactKey: Guid(f7c8393435d3ca142a8e0e4bb4276bb2) Importer(815301076,1909f56bfc062723c751e8b465ee728b)
Start importing Assets/Pixel Sprite Effects pack/Pixel electricity VFX pack/Prefabs/Electricity_ef_13.prefab using Guid(f7c8393435d3ca142a8e0e4bb4276bb2) Importer(815301076,1909f56bfc062723c751e8b465ee728b)  -> (artifact id: '6c27f053666f7005fb7542c562bb0c5a') in 0.015737 seconds 
========================================================================
Received Import Request.
  Time since last request: 0.000030 seconds.
  path: Assets/Pixel Sprite Effects pack/Pixel electricity VFX pack/Prefabs/Electricity_ef_08.prefab
  artifactKey: Guid(24e0be9be0c9cc948a2a6170b7c40dc0) Importer(815301076,1909f56bfc062723c751e8b465ee728b)
Start importing Assets/Pixel Sprite Effects pack/Pixel electricity VFX pack/Prefabs/Electricity_ef_08.prefab using Guid(24e0be9be0c9cc948a2a6170b7c40dc0) Importer(815301076,1909f56bfc062723c751e8b465ee728b)  -> (artifact id: '0a4e084fec7b0cb21ae68fe311cb078f') in 0.016169 seconds 
========================================================================
Received Import Request.
  Time since last request: 0.000023 seconds.
  path: Assets/Pixel Sprite Effects pack/Pixel electricity VFX pack/Prefabs/Electricity_ef_06.prefab
  artifactKey: Guid(91871ddbbf043d44bb889012483dc0fe) Importer(815301076,1909f56bfc062723c751e8b465ee728b)
Start importing Assets/Pixel Sprite Effects pack/Pixel electricity VFX pack/Prefabs/Electricity_ef_06.prefab using Guid(91871ddbbf043d44bb889012483dc0fe) Importer(815301076,1909f56bfc062723c751e8b465ee728b)  -> (artifact id: '37a0a7c50f3778a668ad0c1a0b80376b') in 0.014718 seconds 
========================================================================
Received Import Request.
  Time since last request: 0.000032 seconds.
  path: Assets/Pixel Sprite Effects pack/Pixel electricity VFX pack/Prefabs/Electricity_ef_12.prefab
  artifactKey: Guid(71da6e28b06d69b469b6f3fee15411b3) Importer(815301076,1909f56bfc062723c751e8b465ee728b)
Start importing Assets/Pixel Sprite Effects pack/Pixel electricity VFX pack/Prefabs/Electricity_ef_12.prefab using Guid(71da6e28b06d69b469b6f3fee15411b3) Importer(815301076,1909f56bfc062723c751e8b465ee728b)  -> (artifact id: '0c291ecef22d024825099a10f89d5989') in 0.015116 seconds 
========================================================================
Received Import Request.
  Time since last request: 0.000023 seconds.
  path: Assets/Pixel Sprite Effects pack/Pixel electricity VFX pack/Prefabs/Electricity_ef_05.prefab
  artifactKey: Guid(b7539de6edf61a34491f0e2d5b237068) Importer(815301076,1909f56bfc062723c751e8b465ee728b)
Start importing Assets/Pixel Sprite Effects pack/Pixel electricity VFX pack/Prefabs/Electricity_ef_05.prefab using Guid(b7539de6edf61a34491f0e2d5b237068) Importer(815301076,1909f56bfc062723c751e8b465ee728b)  -> (artifact id: 'ae669c9ad8923003af8d4404a17e891b') in 0.014339 seconds 
========================================================================
Received Import Request.
  Time since last request: 0.503477 seconds.
  path: Assets/Pixel Sprite Effects pack/Pixel electricity VFX pack/Materials/ef_01_SpriteSheet.mat
  artifactKey: Guid(f68492a5f0ad06b418d569ffff5fb4cc) Importer(815301076,1909f56bfc062723c751e8b465ee728b)
Start importing Assets/Pixel Sprite Effects pack/Pixel electricity VFX pack/Materials/ef_01_SpriteSheet.mat using Guid(f68492a5f0ad06b418d569ffff5fb4cc) Importer(815301076,1909f56bfc062723c751e8b465ee728b)  -> (artifact id: 'ec5cec9097e0c186b0c1100db347ff91') in 0.037003 seconds 
========================================================================
Received Import Request.
  Time since last request: 1.254517 seconds.
  path: Assets/Pixel Sprite Effects pack/Pixel electricity VFX pack/Materials/ef_14_SpriteSheet.mat
  artifactKey: Guid(17dc93f1dbda0dd4e8dfb13bb5fe5bcf) Importer(815301076,1909f56bfc062723c751e8b465ee728b)
Start importing Assets/Pixel Sprite Effects pack/Pixel electricity VFX pack/Materials/ef_14_SpriteSheet.mat using Guid(17dc93f1dbda0dd4e8dfb13bb5fe5bcf) Importer(815301076,1909f56bfc062723c751e8b465ee728b)  -> (artifact id: '242e04ee745c3ef8304e5edf43706b2a') in 0.013875 seconds 
========================================================================
Received Import Request.
  Time since last request: 0.572683 seconds.
  path: Assets/Pixel Sprite Effects pack/Pixel electricity VFX pack/Materials/Plazma.mat
  artifactKey: Guid(ef8a25f197d80a34d976a52ac57b3e5e) Importer(815301076,1909f56bfc062723c751e8b465ee728b)
Start importing Assets/Pixel Sprite Effects pack/Pixel electricity VFX pack/Materials/Plazma.mat using Guid(ef8a25f197d80a34d976a52ac57b3e5e) Importer(815301076,1909f56bfc062723c751e8b465ee728b)  -> (artifact id: '03208e255fe80a389760e14ca4605204') in 0.012164 seconds 
========================================================================
Received Import Request.
  Time since last request: 10.248584 seconds.
  path: Assets/Pixel Sprite Effects pack/Pixel explosions sprite effects pack/Prefabs/expl_01_02.prefab
  artifactKey: Guid(dfcc6f0e36a9c424c814565f81def453) Importer(815301076,1909f56bfc062723c751e8b465ee728b)
Start importing Assets/Pixel Sprite Effects pack/Pixel explosions sprite effects pack/Prefabs/expl_01_02.prefab using Guid(dfcc6f0e36a9c424c814565f81def453) Importer(815301076,1909f56bfc062723c751e8b465ee728b)  -> (artifact id: '47a6782082fa319790d3c34a8929b5ca') in 0.018585 seconds 
========================================================================
Received Import Request.
  Time since last request: 0.000024 seconds.
  path: Assets/Pixel Sprite Effects pack/Pixel explosions sprite effects pack/Prefabs/expl_02_04.prefab
  artifactKey: Guid(e19840e52bac5014880ba6eeb62c6f01) Importer(815301076,1909f56bfc062723c751e8b465ee728b)
Start importing Assets/Pixel Sprite Effects pack/Pixel explosions sprite effects pack/Prefabs/expl_02_04.prefab using Guid(e19840e52bac5014880ba6eeb62c6f01) Importer(815301076,1909f56bfc062723c751e8b465ee728b)  -> (artifact id: '295902701b3af9d35dfc611e4451d148') in 0.016384 seconds 
========================================================================
Received Import Request.
  Time since last request: 0.000018 seconds.
  path: Assets/Pixel Sprite Effects pack/Pixel explosions sprite effects pack/Prefabs/expl_02_05.prefab
  artifactKey: Guid(58f6240c1ddde3f4b9dfaceb486f7d5c) Importer(815301076,1909f56bfc062723c751e8b465ee728b)
Start importing Assets/Pixel Sprite Effects pack/Pixel explosions sprite effects pack/Prefabs/expl_02_05.prefab using Guid(58f6240c1ddde3f4b9dfaceb486f7d5c) Importer(815301076,1909f56bfc062723c751e8b465ee728b)  -> (artifact id: 'e801eea6042df97482eebd8b1a9072e5') in 0.015670 seconds 
========================================================================
Received Import Request.
  Time since last request: 0.000026 seconds.
  path: Assets/Pixel Sprite Effects pack/Pixel explosions sprite effects pack/Prefabs/expl_01_05.prefab
  artifactKey: Guid(2394b4ee61276cf438c3a0a628a49ce3) Importer(815301076,1909f56bfc062723c751e8b465ee728b)
Start importing Assets/Pixel Sprite Effects pack/Pixel explosions sprite effects pack/Prefabs/expl_01_05.prefab using Guid(2394b4ee61276cf438c3a0a628a49ce3) Importer(815301076,1909f56bfc062723c751e8b465ee728b)  -> (artifact id: '1489ea166d28efd47380f34e24c7414e') in 0.017872 seconds 
========================================================================
Received Import Request.
  Time since last request: 7.456941 seconds.
  path: Assets/Pixel Sprite Effects pack/Pixel Flame Sprite effects/Prefabs/Flame_2.prefab
  artifactKey: Guid(3fc0f004790073149afca6119d171c6d) Importer(815301076,1909f56bfc062723c751e8b465ee728b)
Start importing Assets/Pixel Sprite Effects pack/Pixel Flame Sprite effects/Prefabs/Flame_2.prefab using Guid(3fc0f004790073149afca6119d171c6d) Importer(815301076,1909f56bfc062723c751e8b465ee728b)  -> (artifact id: 'df776d3ee9d0931761b384f5fc8a43da') in 0.016742 seconds 
========================================================================
Received Import Request.
  Time since last request: 0.000018 seconds.
  path: Assets/Pixel Sprite Effects pack/Pixel Flame Sprite effects/Prefabs/Flame_6.prefab
  artifactKey: Guid(c69ceb51e3ec1c748b89f8d924a72061) Importer(815301076,1909f56bfc062723c751e8b465ee728b)
Start importing Assets/Pixel Sprite Effects pack/Pixel Flame Sprite effects/Prefabs/Flame_6.prefab using Guid(c69ceb51e3ec1c748b89f8d924a72061) Importer(815301076,1909f56bfc062723c751e8b465ee728b)  -> (artifact id: '48cdb4e7cca47a3e0208e98b6c3a50ea') in 0.012873 seconds 
========================================================================
Received Import Request.
  Time since last request: 9.518232 seconds.
  path: Assets/Pixel Sprite Effects pack/Pixel Muzzle Flashes Sprite effects/Prefabs/Green/Ef_2_green.prefab
  artifactKey: Guid(0b2357ae0b03bf7488f96229e6d20893) Importer(815301076,1909f56bfc062723c751e8b465ee728b)
Start importing Assets/Pixel Sprite Effects pack/Pixel Muzzle Flashes Sprite effects/Prefabs/Green/Ef_2_green.prefab using Guid(0b2357ae0b03bf7488f96229e6d20893) Importer(815301076,1909f56bfc062723c751e8b465ee728b)  -> (artifact id: '8b50664a71b1a33fa151e28a031f1303') in 0.014728 seconds 
========================================================================
Received Import Request.
  Time since last request: 0.000022 seconds.
  path: Assets/Pixel Sprite Effects pack/Pixel Muzzle Flashes Sprite effects/Prefabs/Green/Ef_6_green.prefab
  artifactKey: Guid(8db6c8c5c91b1c14b82b6ad5b69d9e64) Importer(815301076,1909f56bfc062723c751e8b465ee728b)
Start importing Assets/Pixel Sprite Effects pack/Pixel Muzzle Flashes Sprite effects/Prefabs/Green/Ef_6_green.prefab using Guid(8db6c8c5c91b1c14b82b6ad5b69d9e64) Importer(815301076,1909f56bfc062723c751e8b465ee728b)  -> (artifact id: '699ac06a0a758c7cb19735a7935c1afc') in 0.024462 seconds 
